

times in msec
 clock   self+sourced   self:  sourced script
 clock   elapsed:              other lines

000.013  000.013: --- NVIM STARTING ---
000.355  000.342: locale set
000.735  000.380: inits 1
000.751  000.016: window checked
000.754  000.003: parsing arguments
003.551  002.797: init lua interpreter
003.996  000.445: expanding arguments
004.096  000.100: inits 2
005.163  001.067: init highlight
005.180  000.016: waiting for UI
007.157  001.977: done waiting for UI
007.222  000.065: init screen for UI
007.273  000.051: init default mappings
007.342  000.070: init default autocommands
008.158  000.079  000.079: sourcing /usr/share/nvim/runtime/ftplugin.vim
008.261  000.041  000.041: sourcing /usr/share/nvim/runtime/indent.vim
008.330  000.016  000.016: sourcing /usr/share/nvim/archlinux.vim
008.335  000.046  000.031: sourcing /etc/xdg/nvim/sysinit.vim
016.152  006.101  006.101: sourcing /home/tt/.local/share/nvim/site/pack/packer/start/github-nvim-theme/colors/github_dark_default.vim
028.070  019.708  013.607: sourcing /home/tt/.config/nvim/init.lua
028.083  000.866: sourcing vimrc file(s)
028.224  000.072  000.072: sourcing /usr/share/nvim/runtime/filetype.lua
034.387  000.027  000.027: sourcing /usr/share/vim/vimfiles/ftdetect/PKGBUILD.vim
034.506  006.260  006.233: sourcing /usr/share/nvim/runtime/filetype.vim
034.673  000.077  000.077: sourcing /usr/share/nvim/runtime/syntax/synload.vim
034.755  000.215  000.139: sourcing /usr/share/nvim/runtime/syntax/syntax.vim
035.509  000.237  000.237: sourcing /usr/share/nvim/runtime/plugin/gzip.vim
035.541  000.014  000.014: sourcing /usr/share/nvim/runtime/plugin/health.vim
035.639  000.083  000.083: sourcing /usr/share/nvim/runtime/plugin/man.vim
036.086  000.182  000.182: sourcing /usr/share/nvim/runtime/pack/dist/opt/matchit/plugin/matchit.vim
036.176  000.522  000.340: sourcing /usr/share/nvim/runtime/plugin/matchit.vim
036.326  000.132  000.132: sourcing /usr/share/nvim/runtime/plugin/matchparen.vim
036.779  000.436  000.436: sourcing /usr/share/nvim/runtime/plugin/netrwPlugin.vim
037.179  000.018  000.018: sourcing /home/tt/.local/share/nvim/rplugin.vim
037.194  000.351  000.333: sourcing /usr/share/nvim/runtime/plugin/rplugin.vim
037.709  000.472  000.472: sourcing /usr/share/nvim/runtime/plugin/shada.vim
037.818  000.039  000.039: sourcing /usr/share/nvim/runtime/plugin/spellfile.vim
038.127  000.285  000.285: sourcing /usr/share/nvim/runtime/plugin/tarPlugin.vim
038.254  000.089  000.089: sourcing /usr/share/nvim/runtime/plugin/tohtml.vim
038.298  000.018  000.018: sourcing /usr/share/nvim/runtime/plugin/tutor.vim
038.534  000.217  000.217: sourcing /usr/share/nvim/runtime/plugin/zipPlugin.vim
039.278  000.619  000.619: sourcing /usr/share/vim/vimfiles/plugin/fzf.vim
039.453  000.134  000.134: sourcing /usr/share/vim/vimfiles/plugin/redact_pass.vim
047.690  008.142  008.142: sourcing /home/tt/.config/nvim/plugin/packer_compiled.lua
048.036  001.616: loading rtp plugins
048.448  000.065  000.065: sourcing /home/tt/.local/share/nvim/site/pack/packer/start/nvim-web-devicons/plugin/nvim-web-devicons.vim
048.599  000.498: loading packages
048.604  000.005: loading after plugins
048.617  000.013: inits 3
051.519  002.901: reading ShaDa
051.731  000.212: opening buffers
051.876  000.145: BufEnter autocommands
051.880  000.004: editing files in windows
052.527  000.648: VimEnter autocommands
052.535  000.007: UIEnter autocommands
052.818  000.210  000.210: sourcing /usr/share/nvim/runtime/autoload/provider/clipboard.vim
052.826  000.082: before starting main loop
058.348  005.522: first screen update
058.353  000.005: --- NVIM STARTED ---


times in msec
 clock   self+sourced   self:  sourced script
 clock   elapsed:              other lines

000.008  000.008: --- NVIM STARTING ---
000.350  000.342: locale set
000.729  000.379: inits 1
000.749  000.020: window checked
000.799  000.050: parsing arguments
003.620  002.821: init lua interpreter
003.791  000.171: expanding arguments
003.820  000.029: inits 2
004.366  000.546: init highlight
004.368  000.002: waiting for UI
005.874  001.506: done waiting for UI
005.902  000.028: init screen for UI
005.926  000.024: init default mappings
005.968  000.043: init default autocommands
007.397  000.253  000.253: sourcing /usr/share/nvim/runtime/ftplugin.vim
007.661  000.119  000.119: sourcing /usr/share/nvim/runtime/indent.vim
007.784  000.026  000.026: sourcing /usr/share/nvim/archlinux.vim
007.794  000.081  000.055: sourcing /etc/xdg/nvim/sysinit.vim
014.458  004.559  004.559: sourcing /home/tt/.local/share/nvim/site/pack/packer/start/github-nvim-theme/colors/github_dark_default.vim
027.519  019.674  015.115: sourcing /home/tt/.config/nvim/init.lua
027.532  001.436: sourcing vimrc file(s)
027.659  000.056  000.056: sourcing /usr/share/nvim/runtime/filetype.lua
034.113  000.016  000.016: sourcing /usr/share/vim/vimfiles/ftdetect/PKGBUILD.vim
034.232  006.551  006.535: sourcing /usr/share/nvim/runtime/filetype.vim
034.399  000.075  000.075: sourcing /usr/share/nvim/runtime/syntax/synload.vim
034.479  000.214  000.139: sourcing /usr/share/nvim/runtime/syntax/syntax.vim
035.262  000.245  000.245: sourcing /usr/share/nvim/runtime/plugin/gzip.vim
035.294  000.013  000.013: sourcing /usr/share/nvim/runtime/plugin/health.vim
035.400  000.090  000.090: sourcing /usr/share/nvim/runtime/plugin/man.vim
035.883  000.203  000.203: sourcing /usr/share/nvim/runtime/pack/dist/opt/matchit/plugin/matchit.vim
035.975  000.559  000.356: sourcing /usr/share/nvim/runtime/plugin/matchit.vim
036.127  000.135  000.135: sourcing /usr/share/nvim/runtime/plugin/matchparen.vim
036.557  000.412  000.412: sourcing /usr/share/nvim/runtime/plugin/netrwPlugin.vim
036.748  000.011  000.011: sourcing /home/tt/.local/share/nvim/rplugin.vim
036.760  000.171  000.160: sourcing /usr/share/nvim/runtime/plugin/rplugin.vim
036.893  000.111  000.111: sourcing /usr/share/nvim/runtime/plugin/shada.vim
036.940  000.023  000.023: sourcing /usr/share/nvim/runtime/plugin/spellfile.vim
037.106  000.147  000.147: sourcing /usr/share/nvim/runtime/plugin/tarPlugin.vim
037.213  000.081  000.081: sourcing /usr/share/nvim/runtime/plugin/tohtml.vim
037.255  000.018  000.018: sourcing /usr/share/nvim/runtime/plugin/tutor.vim
037.458  000.184  000.184: sourcing /usr/share/nvim/runtime/plugin/zipPlugin.vim
038.133  000.568  000.568: sourcing /usr/share/vim/vimfiles/plugin/fzf.vim
038.340  000.169  000.169: sourcing /usr/share/vim/vimfiles/plugin/redact_pass.vim
046.215  007.763  007.763: sourcing /home/tt/.config/nvim/plugin/packer_compiled.lua
046.562  001.519: loading rtp plugins
047.067  000.083  000.083: sourcing /home/tt/.local/share/nvim/site/pack/packer/start/nvim-web-devicons/plugin/nvim-web-devicons.vim
047.223  000.577: loading packages
047.228  000.005: loading after plugins
047.241  000.014: inits 3
050.080  002.838: reading ShaDa
069.842  000.083  000.083: sourcing /usr/share/nvim/runtime/ftplugin/lua.vim
070.612  000.051  000.051: sourcing /usr/share/nvim/runtime/indent/lua.vim
071.515  000.705  000.705: sourcing /usr/share/nvim/runtime/syntax/lua.vim
082.991  002.862  002.862: sourcing /home/tt/.local/share/nvim/site/pack/packer/opt/nvim-treesitter/plugin/nvim-treesitter.lua
097.792  000.663  000.663: sourcing /usr/share/nvim/runtime/syntax/lua.vim
098.973  000.238  000.238: sourcing /home/tt/.local/share/nvim/site/pack/packer/opt/Comment.nvim/after/plugin/Comment.lua
099.610  000.475  000.475: sourcing /home/tt/.local/share/nvim/site/pack/packer/opt/nvim-ts-context-commentstring/plugin/ts_context_commentstring.vim
100.600  045.442: opening buffers
100.699  000.100: BufEnter autocommands
100.703  000.003: editing files in windows
101.180  000.478: VimEnter autocommands
101.215  000.035: UIEnter autocommands
101.982  000.214  000.214: sourcing /usr/share/nvim/runtime/autoload/provider/clipboard.vim
101.992  000.562: before starting main loop
126.262  024.270: first screen update
126.267  000.005: --- NVIM STARTED ---
